<?xml version='1.0'?>
<ns2:test-suite xmlns:ns2='urn:model.allure.qatools.yandex.ru' start='1626963414810' stop='1626963419692'>
    <name>Compra</name>
    <title>Compra</title>
    <test-cases>
        <test-case start='1626963414810' status='failed' stop='1626963419691'>
            <name>Agregar al carrito</name>
            <title>Agregar al carrito</title>
            <labels>
                <label name='language' value='javascript'/>
                <label name='framework' value='wdio'/>
                <label name='thread' value='0-0'/>
            </labels>
            <parameters>
                <parameter kind='argument' name='browser' value='chrome-91.0.4472.164'/>
            </parameters>
            <steps>
                <step start='1626963414899' status='passed' stop='1626963414899'>
                    <name>Abrir: /</name>
                    <title>Abrir: /</title>
                    <attachments/>
                    <steps/>
                </step>
                <step start='1626963419040' status='passed' stop='1626963419040'>
                    <name>Agregar prenda al carrito</name>
                    <title>Agregar prenda al carrito</title>
                    <attachments/>
                    <steps/>
                </step>
                <step start='1626963419584' status='passed' stop='1626963419584'>
                    <name>Obtener texto de validación</name>
                    <title>Obtener texto de validación</title>
                    <attachments/>
                    <steps/>
                </step>
            </steps>
            <attachments/>
            <failure>
                <message>expected '' to equal 'Product successfully added to your shopping cart'      
                      actual expected
                      
                      'Product successfully added to your shopping cart'
                      </message>
                <stack-trace>AssertionError: expected '' to equal 'Product successfully added to your shopping cart'
                    at Context.&lt;anonymous> (C:\Users\Usuario\Desktop\webdriverioPruebaFinalAcademy\tests\/comprar.test.js:40:73)
                    at processTicksAndRejections (internal/process/task_queues.js:93:5)
                    at Context.executeAsync (C:\Users\Usuario\Desktop\webdriverioPruebaFinalAcademy\node_modules\@wdio\utils\build\shim.js:136:16)
                    at Context.testFrameworkFnWrapper (C:\Users\Usuario\Desktop\webdriverioPruebaFinalAcademy\node_modules\@wdio\utils\build\test-framework\testFnWrapper.js:52:18)</stack-trace>
            </failure>
        </test-case>
    </test-cases>
</ns2:test-suite>