<?xml version='1.0'?>
<ns2:test-suite xmlns:ns2='urn:model.allure.qatools.yandex.ru' start='1626958194273' stop='1626958204824'>
    <name>Compra</name>
    <title>Compra</title>
    <test-cases>
        <test-case start='1626958194273' status='broken' stop='1626958204814'>
            <name>Log in</name>
            <title>Log in</title>
            <labels>
                <label name='language' value='javascript'/>
                <label name='framework' value='wdio'/>
                <label name='thread' value='0-0'/>
            </labels>
            <parameters>
                <parameter kind='argument' name='browser' value='chrome-91.0.4472.164'/>
            </parameters>
            <steps>
                <step start='1626958194329' status='passed' stop='1626958194329'>
                    <name>Abrir: /</name>
                    <title>Abrir: /</title>
                    <attachments/>
                    <steps/>
                </step>
                <step start='1626958194743' status='passed' stop='1626958194743'>
                    <name>Navegar a login</name>
                    <title>Navegar a login</title>
                    <attachments/>
                    <steps/>
                </step>
            </steps>
            <attachments/>
            <failure>
                <message>element (".login") still not clickable after 10000ms</message>
                <stack-trace>Error: element (".login") still not clickable after 10000ms
                    at C:\Users\Usuario\Desktop\webdriverioPruebaFinalAcademy\node_modules\webdriverio\build\commands\browser\waitUntil.js:66:23
                    at Element.wrapCommandFn (C:\Users\Usuario\Desktop\webdriverioPruebaFinalAcademy\node_modules\@wdio\utils\build\shim.js:78:29)
                    at Element.elementErrorHandlerCallbackFn (C:\Users\Usuario\Desktop\webdriverioPruebaFinalAcademy\node_modules\webdriverio\build\middlewares.js:23:32)
                    at Element.wrapCommandFn (C:\Users\Usuario\Desktop\webdriverioPruebaFinalAcademy\node_modules\@wdio\utils\build\shim.js:78:29)
                    at Element.wrapCommandFn (C:\Users\Usuario\Desktop\webdriverioPruebaFinalAcademy\node_modules\@wdio\utils\build\shim.js:78:29)
                    at Element.elementErrorHandlerCallbackFn (C:\Users\Usuario\Desktop\webdriverioPruebaFinalAcademy\node_modules\webdriverio\build\middlewares.js:23:32)
                    at Element.wrapCommandFn (C:\Users\Usuario\Desktop\webdriverioPruebaFinalAcademy\node_modules\@wdio\utils\build\shim.js:78:29)
                    at HomePage.clickearElemento (C:\Users\Usuario\Desktop\webdriverioPruebaFinalAcademy\pages\/base.page.js:21:8)
                    at HomePage.navegarAlLogin (C:\Users\Usuario\Desktop\webdriverioPruebaFinalAcademy\pages\/home.page.js:38:9)
                    at Context.&lt;anonymous> (C:\Users\Usuario\Desktop\webdriverioPruebaFinalAcademy\tests\/comprar.test.js:19:13)</stack-trace>
            </failure>
        </test-case>
        <test-case start='1626958204817' status='broken' stop='1626958204822'>
            <name>Buscar articulo</name>
            <title>Buscar articulo</title>
            <labels>
                <label name='language' value='javascript'/>
                <label name='framework' value='wdio'/>
                <label name='thread' value='0-0'/>
            </labels>
            <parameters>
                <parameter kind='argument' name='browser' value='chrome-91.0.4472.164'/>
            </parameters>
            <steps>
                <step start='1626958204818' status='passed' stop='1626958204818'>
                    <name>Buscar artículo: Faded Short Sleeve T-shirts</name>
                    <title>Buscar artículo: Faded Short Sleeve T-shirts</title>
                    <attachments/>
                    <steps/>
                </step>
            </steps>
            <attachments/>
            <failure>
                <message>elemento.waitForClickable is not a function</message>
                <stack-trace>TypeError: elemento.waitForClickable is not a function
                    at HomePage.clearAndSendKeys (C:\Users\Usuario\Desktop\webdriverioPruebaFinalAcademy\pages\/base.page.js:44:24)
                    at HomePage.buscar (C:\Users\Usuario\Desktop\webdriverioPruebaFinalAcademy\pages\/home.page.js:23:21)
                    at Context.&lt;anonymous> (C:\Users\Usuario\Desktop\webdriverioPruebaFinalAcademy\tests\/comprar.test.js:26:24)
                    at Context.executeAsync (C:\Users\Usuario\Desktop\webdriverioPruebaFinalAcademy\node_modules\@wdio\utils\build\shim.js:136:25)
                    at Context.testFrameworkFnWrapper (C:\Users\Usuario\Desktop\webdriverioPruebaFinalAcademy\node_modules\@wdio\utils\build\test-framework\testFnWrapper.js:45:32)</stack-trace>
            </failure>
        </test-case>
    </test-cases>
</ns2:test-suite>