<?xml version='1.0'?>
<ns2:test-suite xmlns:ns2='urn:model.allure.qatools.yandex.ru' start='1626976694674' stop='1626976705208'>
    <name>Compra</name>
    <title>Compra</title>
    <test-cases>
        <test-case start='1626976694674' status='failed' stop='1626976705206'>
            <name>Comparaci칩n de im치genes</name>
            <title>Comparaci칩n de im치genes</title>
            <labels>
                <label name='language' value='javascript'/>
                <label name='framework' value='wdio'/>
                <label name='thread' value='0-0'/>
            </labels>
            <parameters>
                <parameter kind='argument' name='browser' value='chrome-91.0.4472.164'/>
            </parameters>
            <steps/>
            <attachments>
                <attachment title='Screenshot' source='960a740d-df5d-4198-b52f-f486ab8a69ce-attachment.png' type='image/png' size='482498'/>
                <attachment title='Screenshot' source='65bae4ed-a99a-4a06-8341-0794ab49d22d-attachment.png' type='image/png' size='434926'/>
            </attachments>
            <failure>
                <message>expected 0 to not equal 0      
                      actual expected
                      
                      0
                      </message>
                <stack-trace>AssertionError: expected 0 to not equal 0
                    at Context.&lt;anonymous> (C:\Users\Usuario\Desktop\webdriverioPruebaFinalAcademy\tests\/comprar.test.js:58:107)
                    at processTicksAndRejections (internal/process/task_queues.js:93:5)
                    at Context.executeAsync (C:\Users\Usuario\Desktop\webdriverioPruebaFinalAcademy\node_modules\@wdio\utils\build\shim.js:136:16)
                    at Context.testFrameworkFnWrapper (C:\Users\Usuario\Desktop\webdriverioPruebaFinalAcademy\node_modules\@wdio\utils\build\test-framework\testFnWrapper.js:52:18)</stack-trace>
            </failure>
        </test-case>
    </test-cases>
</ns2:test-suite>