<?xml version='1.0'?>
<ns2:test-suite xmlns:ns2='urn:model.allure.qatools.yandex.ru' start='1626960060347' stop='1626960083296'>
    <name>Compra</name>
    <title>Compra</title>
    <test-cases>
        <test-case start='1626960060348' status='passed' stop='1626960071875'>
            <name>Log in</name>
            <title>Log in</title>
            <labels>
                <label name='language' value='javascript'/>
                <label name='framework' value='wdio'/>
                <label name='thread' value='0-0'/>
            </labels>
            <parameters>
                <parameter kind='argument' name='browser' value='chrome-91.0.4472.164'/>
            </parameters>
            <steps>
                <step start='1626960060438' status='passed' stop='1626960060438'>
                    <name>Abrir: /</name>
                    <title>Abrir: /</title>
                    <attachments/>
                    <steps/>
                </step>
                <step start='1626960067420' status='passed' stop='1626960067420'>
                    <name>Navegar a login</name>
                    <title>Navegar a login</title>
                    <attachments/>
                    <steps/>
                </step>
                <step start='1626960069927' status='passed' stop='1626960069927'>
                    <name>Verificar Header</name>
                    <title>Verificar Header</title>
                    <attachments/>
                    <steps/>
                </step>
                <step start='1626960069960' status='passed' stop='1626960069960'>
                    <name>Login con usuario: testmartin@test.com y contraseña 12345</name>
                    <title>Login con usuario: testmartin@test.com y contraseña 12345</title>
                    <attachments/>
                    <steps/>
                </step>
            </steps>
            <attachments/>
        </test-case>
        <test-case start='1626960071876' status='passed' stop='1626960073649'>
            <name>Buscar articulo</name>
            <title>Buscar articulo</title>
            <labels>
                <label name='language' value='javascript'/>
                <label name='framework' value='wdio'/>
                <label name='thread' value='0-0'/>
            </labels>
            <parameters>
                <parameter kind='argument' name='browser' value='chrome-91.0.4472.164'/>
            </parameters>
            <steps>
                <step start='1626960071876' status='passed' stop='1626960071876'>
                    <name>Buscar artículo: Faded Short Sleeve T-shirts</name>
                    <title>Buscar artículo: Faded Short Sleeve T-shirts</title>
                    <attachments/>
                    <steps/>
                </step>
                <step start='1626960072136' status='passed' stop='1626960072136'>
                    <name>Obtener el nombre del resultado</name>
                    <title>Obtener el nombre del resultado</title>
                    <attachments/>
                    <steps/>
                </step>
            </steps>
            <attachments/>
        </test-case>
        <test-case start='1626960073650' status='broken' stop='1626960083294'>
            <name>Agregar/Validar/Eliminar de la lista de deseados</name>
            <title>Agregar/Validar/Eliminar de la lista de deseados</title>
            <labels>
                <label name='language' value='javascript'/>
                <label name='framework' value='wdio'/>
                <label name='thread' value='0-0'/>
            </labels>
            <parameters>
                <parameter kind='argument' name='browser' value='chrome-91.0.4472.164'/>
            </parameters>
            <steps>
                <step start='1626960073650' status='passed' stop='1626960073650'>
                    <name>Ingresar al resultado de la búsqueda</name>
                    <title>Ingresar al resultado de la búsqueda</title>
                    <attachments/>
                    <steps/>
                </step>
                <step start='1626960076879' status='passed' stop='1626960076879'>
                    <name>Agregar articulo a la lista de deseados</name>
                    <title>Agregar articulo a la lista de deseados</title>
                    <attachments/>
                    <steps/>
                </step>
                <step start='1626960077001' status='passed' stop='1626960077001'>
                    <name>Cerrar aviso</name>
                    <title>Cerrar aviso</title>
                    <attachments/>
                    <steps/>
                </step>
                <step start='1626960078626' status='passed' stop='1626960078626'>
                    <name>Ir a la cuenta</name>
                    <title>Ir a la cuenta</title>
                    <attachments/>
                    <steps/>
                </step>
                <step start='1626960080913' status='passed' stop='1626960080913'>
                    <name>Ir a las listas de deseados</name>
                    <title>Ir a las listas de deseados</title>
                    <attachments/>
                    <steps/>
                </step>
                <step start='1626960083147' status='passed' stop='1626960083147'>
                    <name>Ingresar a mi lista de deseados</name>
                    <title>Ingresar a mi lista de deseados</title>
                    <attachments/>
                    <steps/>
                </step>
                <step start='1626960083284' status='passed' stop='1626960083284'>
                    <name>Obtener nombre de artículo</name>
                    <title>Obtener nombre de artículo</title>
                    <attachments/>
                    <steps/>
                </step>
            </steps>
            <attachments/>
            <failure>
                <message>the given combination of arguments (promise and string) is invalid for this assertion. You can use an array, a map, an object, a set, a string, or a weakset instead of a string</message>
                <stack-trace>AssertionError: the given combination of arguments (promise and string) is invalid for this assertion. You can use an array, a map, an object, a set, a string, or a weakset instead of a string
                    at Context.&lt;anonymous> (C:\Users\Usuario\Desktop\webdriverioPruebaFinalAcademy\tests\/comprar.test.js:34:57)
                    at processTicksAndRejections (internal/process/task_queues.js:93:5)
                    at Context.executeAsync (C:\Users\Usuario\Desktop\webdriverioPruebaFinalAcademy\node_modules\@wdio\utils\build\shim.js:136:16)
                    at Context.testFrameworkFnWrapper (C:\Users\Usuario\Desktop\webdriverioPruebaFinalAcademy\node_modules\@wdio\utils\build\test-framework\testFnWrapper.js:52:18)</stack-trace>
            </failure>
        </test-case>
    </test-cases>
</ns2:test-suite>